<?xml version="1.0" encoding="UTF-8"?>
<testsuite xmlns:xsi="http://www.w3.org/2001/XMLSchema-instance" xsi:noNamespaceSchemaLocation="https://maven.apache.org/surefire/maven-surefire-plugin/xsd/surefire-test-report-3.0.xsd" version="3.0" name="TestSuite" time="117.632" tests="10" errors="0" skipped="0" failures="0">
  <properties>
[...]
</properties>
  <testcase name="testRegisteringUserDetails[Aarav, Mehta, aarav.mehta91@gmail.com, 2147483647, Aarav@123, Aarav@123](1)" classname="com.data.driven.tests.RegisterTest" time="3.351">
    <system-out><![CDATA[Chrome browser is launched
]]></system-out>
    <system-err><![CDATA[[main] INFO org.testng.internal.Utils - [XmlSuite] [WARN] 'parallel' value 'false' is no longer valid, defaulting to 'none'.
Sept 25, 2025 5:44:57 PM org.openqa.selenium.manager.SeleniumManager lambda$runCommand$1
INFO: Driver path: C:\Users\Vijay\.cache\selenium\chromedriver\win64\109.0.5414.74\chromedriver.exe
Sept 25, 2025 5:44:57 PM org.openqa.selenium.manager.SeleniumManager lambda$runCommand$1
INFO: Browser path: C:\Program Files\Google\Chrome\Application\chrome.exe
Sept 25, 2025 5:45:03 PM org.openqa.selenium.devtools.CdpVersionFinder findNearestMatch
WARNING: Unable to find CDP implementation matching 109
Sept 25, 2025 5:45:03 PM org.openqa.selenium.chromium.ChromiumDriver lambda$new$5
WARNING: Unable to find version of CDP to use for 109.0.5414.168. You may need to include a dependency on a specific version of the CDP using something similar to `org.seleniumhq.selenium:selenium-devtools-v86:4.12.0` where the version ("v86") matches the version of the chromium-based browser you're using and the version number of the artifact is the same as Selenium's.
]]></system-err>
  </testcase>
  <testcase name="testRegisteringUserDetails[Priya, Sharma, priya.sharma22@yahoo.com, 2147483647, Priya#2023, Priya#2023](2)" classname="com.data.driven.tests.RegisterTest" time="2.429">
    <system-out><![CDATA[Chrome browser is launched
]]></system-out>
    <system-err><![CDATA[Sept 25, 2025 5:45:11 PM org.openqa.selenium.manager.SeleniumManager lambda$runCommand$1
INFO: Driver path: C:\Users\Vijay\.cache\selenium\chromedriver\win64\109.0.5414.74\chromedriver.exe
Sept 25, 2025 5:45:11 PM org.openqa.selenium.manager.SeleniumManager lambda$runCommand$1
INFO: Browser path: C:\Program Files\Google\Chrome\Application\chrome.exe
Sept 25, 2025 5:45:13 PM org.openqa.selenium.devtools.CdpVersionFinder findNearestMatch
WARNING: Unable to find CDP implementation matching 109
Sept 25, 2025 5:45:13 PM org.openqa.selenium.chromium.ChromiumDriver lambda$new$5
WARNING: Unable to find version of CDP to use for 109.0.5414.168. You may need to include a dependency on a specific version of the CDP using something similar to `org.seleniumhq.selenium:selenium-devtools-v86:4.12.0` where the version ("v86") matches the version of the chromium-based browser you're using and the version number of the artifact is the same as Selenium's.
]]></system-err>
  </testcase>
  <testcase name="testRegisteringUserDetails[Rohan, Verma, rohan.v89@outlook.com, 2147483647, Rohan@987, Rohan@987](3)" classname="com.data.driven.tests.RegisterTest" time="4.138">
    <system-out><![CDATA[Chrome browser is launched
]]></system-out>
    <system-err><![CDATA[Sept 25, 2025 5:45:21 PM org.openqa.selenium.manager.SeleniumManager lambda$runCommand$1
INFO: Driver path: C:\Users\Vijay\.cache\selenium\chromedriver\win64\109.0.5414.74\chromedriver.exe
Sept 25, 2025 5:45:21 PM org.openqa.selenium.manager.SeleniumManager lambda$runCommand$1
INFO: Browser path: C:\Program Files\Google\Chrome\Application\chrome.exe
Sept 25, 2025 5:45:23 PM org.openqa.selenium.devtools.CdpVersionFinder findNearestMatch
WARNING: Unable to find CDP implementation matching 109
Sept 25, 2025 5:45:23 PM org.openqa.selenium.chromium.ChromiumDriver lambda$new$5
WARNING: Unable to find version of CDP to use for 109.0.5414.168. You may need to include a dependency on a specific version of the CDP using something similar to `org.seleniumhq.selenium:selenium-devtools-v86:4.12.0` where the version ("v86") matches the version of the chromium-based browser you're using and the version number of the artifact is the same as Selenium's.
]]></system-err>
  </testcase>
  <testcase name="testRegisteringUserDetails[Kavya, Iyer, kavya.iyer76@gmail.com, 2147483647, Kavya$321, Kavya$321](4)" classname="com.data.driven.tests.RegisterTest" time="3.676">
    <system-out><![CDATA[Chrome browser is launched
]]></system-out>
    <system-err><![CDATA[Sept 25, 2025 5:45:31 PM org.openqa.selenium.manager.SeleniumManager lambda$runCommand$1
INFO: Driver path: C:\Users\Vijay\.cache\selenium\chromedriver\win64\109.0.5414.74\chromedriver.exe
Sept 25, 2025 5:45:31 PM org.openqa.selenium.manager.SeleniumManager lambda$runCommand$1
INFO: Browser path: C:\Program Files\Google\Chrome\Application\chrome.exe
Sept 25, 2025 5:45:34 PM org.openqa.selenium.devtools.CdpVersionFinder findNearestMatch
WARNING: Unable to find CDP implementation matching 109
Sept 25, 2025 5:45:34 PM org.openqa.selenium.chromium.ChromiumDriver lambda$new$5
WARNING: Unable to find version of CDP to use for 109.0.5414.168. You may need to include a dependency on a specific version of the CDP using something similar to `org.seleniumhq.selenium:selenium-devtools-v86:4.12.0` where the version ("v86") matches the version of the chromium-based browser you're using and the version number of the artifact is the same as Selenium's.
]]></system-err>
  </testcase>
  <testcase name="testRegisteringUserDetails[Arjun, Nair, arjun.nair05@gmail.com, 2147483647, Arjun@Pass1, Arjun@Pass1](5)" classname="com.data.driven.tests.RegisterTest" time="2.86">
    <system-out><![CDATA[Chrome browser is launched
]]></system-out>
    <system-err><![CDATA[Sept 25, 2025 5:45:41 PM org.openqa.selenium.manager.SeleniumManager lambda$runCommand$1
INFO: Driver path: C:\Users\Vijay\.cache\selenium\chromedriver\win64\109.0.5414.74\chromedriver.exe
Sept 25, 2025 5:45:41 PM org.openqa.selenium.manager.SeleniumManager lambda$runCommand$1
INFO: Browser path: C:\Program Files\Google\Chrome\Application\chrome.exe
Sept 25, 2025 5:45:46 PM org.openqa.selenium.devtools.CdpVersionFinder findNearestMatch
WARNING: Unable to find CDP implementation matching 109
Sept 25, 2025 5:45:46 PM org.openqa.selenium.chromium.ChromiumDriver lambda$new$5
WARNING: Unable to find version of CDP to use for 109.0.5414.168. You may need to include a dependency on a specific version of the CDP using something similar to `org.seleniumhq.selenium:selenium-devtools-v86:4.12.0` where the version ("v86") matches the version of the chromium-based browser you're using and the version number of the artifact is the same as Selenium's.
]]></system-err>
  </testcase>
  <testcase name="testRegisteringUserDetails[Sneha, Patel, sneha.patel33@rediffmail.com, 2147483647, Sneha#7890, Sneha#7890](6)" classname="com.data.driven.tests.RegisterTest" time="2.033">
    <system-out><![CDATA[Chrome browser is launched
]]></system-out>
    <system-err><![CDATA[Sept 25, 2025 5:45:53 PM org.openqa.selenium.manager.SeleniumManager lambda$runCommand$1
INFO: Driver path: C:\Users\Vijay\.cache\selenium\chromedriver\win64\109.0.5414.74\chromedriver.exe
Sept 25, 2025 5:45:53 PM org.openqa.selenium.manager.SeleniumManager lambda$runCommand$1
INFO: Browser path: C:\Program Files\Google\Chrome\Application\chrome.exe
Sept 25, 2025 5:45:57 PM org.openqa.selenium.devtools.CdpVersionFinder findNearestMatch
WARNING: Unable to find CDP implementation matching 109
Sept 25, 2025 5:45:57 PM org.openqa.selenium.chromium.ChromiumDriver lambda$new$5
WARNING: Unable to find version of CDP to use for 109.0.5414.168. You may need to include a dependency on a specific version of the CDP using something similar to `org.seleniumhq.selenium:selenium-devtools-v86:4.12.0` where the version ("v86") matches the version of the chromium-based browser you're using and the version number of the artifact is the same as Selenium's.
]]></system-err>
  </testcase>
  <testcase name="testRegisteringUserDetails[Mohit, Singh, mohit.singh17@gmail.com, 2147483647, Mohit@2024, Mohit@2024](7)" classname="com.data.driven.tests.RegisterTest" time="3.682">
    <system-out><![CDATA[Chrome browser is launched
]]></system-out>
    <system-err><![CDATA[Sept 25, 2025 5:46:03 PM org.openqa.selenium.manager.SeleniumManager lambda$runCommand$1
INFO: Driver path: C:\Users\Vijay\.cache\selenium\chromedriver\win64\109.0.5414.74\chromedriver.exe
Sept 25, 2025 5:46:03 PM org.openqa.selenium.manager.SeleniumManager lambda$runCommand$1
INFO: Browser path: C:\Program Files\Google\Chrome\Application\chrome.exe
Sept 25, 2025 5:46:06 PM org.openqa.selenium.devtools.CdpVersionFinder findNearestMatch
WARNING: Unable to find CDP implementation matching 109
Sept 25, 2025 5:46:06 PM org.openqa.selenium.chromium.ChromiumDriver lambda$new$5
WARNING: Unable to find version of CDP to use for 109.0.5414.168. You may need to include a dependency on a specific version of the CDP using something similar to `org.seleniumhq.selenium:selenium-devtools-v86:4.12.0` where the version ("v86") matches the version of the chromium-based browser you're using and the version number of the artifact is the same as Selenium's.
]]></system-err>
  </testcase>
  <testcase name="testRegisteringUserDetails[Ananya, Reddy, ananya.r@protonmail.com, 2147483647, Ananya$007, Ananya$007](8)" classname="com.data.driven.tests.RegisterTest" time="2.949">
    <system-out><![CDATA[Chrome browser is launched
]]></system-out>
    <system-err><![CDATA[Sept 25, 2025 5:46:15 PM org.openqa.selenium.manager.SeleniumManager lambda$runCommand$1
INFO: Driver path: C:\Users\Vijay\.cache\selenium\chromedriver\win64\109.0.5414.74\chromedriver.exe
Sept 25, 2025 5:46:15 PM org.openqa.selenium.manager.SeleniumManager lambda$runCommand$1
INFO: Browser path: C:\Program Files\Google\Chrome\Application\chrome.exe
Sept 25, 2025 5:46:18 PM org.openqa.selenium.devtools.CdpVersionFinder findNearestMatch
WARNING: Unable to find CDP implementation matching 109
Sept 25, 2025 5:46:18 PM org.openqa.selenium.chromium.ChromiumDriver lambda$new$5
WARNING: Unable to find version of CDP to use for 109.0.5414.168. You may need to include a dependency on a specific version of the CDP using something similar to `org.seleniumhq.selenium:selenium-devtools-v86:4.12.0` where the version ("v86") matches the version of the chromium-based browser you're using and the version number of the artifact is the same as Selenium's.
]]></system-err>
  </testcase>
  <testcase name="testRegisteringUserDetails[Karan, Das, karan.das55@gmail.com, 2147483647, Karan#456, Karan#456](9)" classname="com.data.driven.tests.RegisterTest" time="3.748">
    <system-out><![CDATA[Chrome browser is launched
]]></system-out>
    <system-err><![CDATA[Sept 25, 2025 5:46:26 PM org.openqa.selenium.manager.SeleniumManager lambda$runCommand$1
INFO: Driver path: C:\Users\Vijay\.cache\selenium\chromedriver\win64\109.0.5414.74\chromedriver.exe
Sept 25, 2025 5:46:26 PM org.openqa.selenium.manager.SeleniumManager lambda$runCommand$1
INFO: Browser path: C:\Program Files\Google\Chrome\Application\chrome.exe
Sept 25, 2025 5:46:29 PM org.openqa.selenium.devtools.CdpVersionFinder findNearestMatch
WARNING: Unable to find CDP implementation matching 109
Sept 25, 2025 5:46:29 PM org.openqa.selenium.chromium.ChromiumDriver lambda$new$5
WARNING: Unable to find version of CDP to use for 109.0.5414.168. You may need to include a dependency on a specific version of the CDP using something similar to `org.seleniumhq.selenium:selenium-devtools-v86:4.12.0` where the version ("v86") matches the version of the chromium-based browser you're using and the version number of the artifact is the same as Selenium's.
]]></system-err>
  </testcase>
  <testcase name="testRegisteringUserDetails[Meera, Joshi, meera.joshi12@zoho.com, 2147483647, Meera@1234, Meera@1234](10)" classname="com.data.driven.tests.RegisterTest" time="3.677">
    <system-out><![CDATA[Chrome browser is launched
]]></system-out>
    <system-err><![CDATA[Sept 25, 2025 5:46:36 PM org.openqa.selenium.manager.SeleniumManager lambda$runCommand$1
INFO: Driver path: C:\Users\Vijay\.cache\selenium\chromedriver\win64\109.0.5414.74\chromedriver.exe
Sept 25, 2025 5:46:36 PM org.openqa.selenium.manager.SeleniumManager lambda$runCommand$1
INFO: Browser path: C:\Program Files\Google\Chrome\Application\chrome.exe
Sept 25, 2025 5:46:40 PM org.openqa.selenium.devtools.CdpVersionFinder findNearestMatch
WARNING: Unable to find CDP implementation matching 109
Sept 25, 2025 5:46:40 PM org.openqa.selenium.chromium.ChromiumDriver lambda$new$5
WARNING: Unable to find version of CDP to use for 109.0.5414.168. You may need to include a dependency on a specific version of the CDP using something similar to `org.seleniumhq.selenium:selenium-devtools-v86:4.12.0` where the version ("v86") matches the version of the chromium-based browser you're using and the version number of the artifact is the same as Selenium's.
]]></system-err>
  </testcase>
</testsuite>