<?xml version="1.0" encoding="UTF-8"?>
<testng-results ignored="0" total="10" passed="10" failed="0" skipped="0">
  <reporter-output>
  </reporter-output>
  <suite started-at="2025-09-25T17:44:50 IST" name="DataDrivenTestSuite" finished-at="2025-09-25T17:46:46 IST" duration-ms="116028">
    <groups>
    </groups>
    <test started-at="2025-09-25T17:44:50 IST" name="UserRegistrationTest" finished-at="2025-09-25T17:46:46 IST" duration-ms="116028">
      <class name="com.data.driven.tests.RegisterTest">
        <test-method is-config="true" signature="setUp()[pri:0, instance:com.data.driven.tests.RegisterTest@4550bb58]" started-at="2025-09-25T17:44:54 IST" name="setUp" finished-at="2025-09-25T17:45:05 IST" duration-ms="11701" status="PASS">
          <reporter-output>
          </reporter-output>
        </test-method> <!-- setUp -->
        <test-method signature="testRegisteringUserDetails(java.lang.String,java.lang.String,java.lang.String,java.lang.String,java.lang.String,java.lang.String)[pri:0, instance:com.data.driven.tests.RegisterTest@4550bb58]" started-at="2025-09-25T17:45:05 IST" name="testRegisteringUserDetails" data-provider="getRegisterData" finished-at="2025-09-25T17:45:09 IST" duration-ms="3352" status="PASS">
          <params>
            <param index="0">
              <value>
                <![CDATA[Aarav]]>
              </value>
            </param>
            <param index="1">
              <value>
                <![CDATA[Mehta]]>
              </value>
            </param>
            <param index="2">
              <value>
                <![CDATA[aarav.mehta91@gmail.com]]>
              </value>
            </param>
            <param index="3">
              <value>
                <![CDATA[2147483647]]>
              </value>
            </param>
            <param index="4">
              <value>
                <![CDATA[Aarav@123]]>
              </value>
            </param>
            <param index="5">
              <value>
                <![CDATA[Aarav@123]]>
              </value>
            </param>
          </params>
          <reporter-output>
          </reporter-output>
        </test-method> <!-- testRegisteringUserDetails -->
        <test-method is-config="true" signature="tearDown()[pri:0, instance:com.data.driven.tests.RegisterTest@4550bb58]" started-at="2025-09-25T17:45:09 IST" name="tearDown" finished-at="2025-09-25T17:45:10 IST" duration-ms="1404" status="PASS">
          <reporter-output>
          </reporter-output>
        </test-method> <!-- tearDown -->
        <test-method is-config="true" signature="setUp()[pri:0, instance:com.data.driven.tests.RegisterTest@4550bb58]" started-at="2025-09-25T17:45:10 IST" name="setUp" finished-at="2025-09-25T17:45:15 IST" duration-ms="5153" status="PASS">
          <reporter-output>
          </reporter-output>
        </test-method> <!-- setUp -->
        <test-method signature="testRegisteringUserDetails(java.lang.String,java.lang.String,java.lang.String,java.lang.String,java.lang.String,java.lang.String)[pri:0, instance:com.data.driven.tests.RegisterTest@4550bb58]" started-at="2025-09-25T17:45:15 IST" name="testRegisteringUserDetails" data-provider="getRegisterData" finished-at="2025-09-25T17:45:18 IST" duration-ms="2439" status="PASS">
          <params>
            <param index="0">
              <value>
                <![CDATA[Priya]]>
              </value>
            </param>
            <param index="1">
              <value>
                <![CDATA[Sharma]]>
              </value>
            </param>
            <param index="2">
              <value>
                <![CDATA[priya.sharma22@yahoo.com]]>
              </value>
            </param>
            <param index="3">
              <value>
                <![CDATA[2147483647]]>
              </value>
            </param>
            <param index="4">
              <value>
                <![CDATA[Priya#2023]]>
              </value>
            </param>
            <param index="5">
              <value>
                <![CDATA[Priya#2023]]>
              </value>
            </param>
          </params>
          <reporter-output>
          </reporter-output>
        </test-method> <!-- testRegisteringUserDetails -->
        <test-method is-config="true" signature="tearDown()[pri:0, instance:com.data.driven.tests.RegisterTest@4550bb58]" started-at="2025-09-25T17:45:18 IST" name="tearDown" finished-at="2025-09-25T17:45:19 IST" duration-ms="926" status="PASS">
          <reporter-output>
          </reporter-output>
        </test-method> <!-- tearDown -->
        <test-method is-config="true" signature="setUp()[pri:0, instance:com.data.driven.tests.RegisterTest@4550bb58]" started-at="2025-09-25T17:45:19 IST" name="setUp" finished-at="2025-09-25T17:45:25 IST" duration-ms="6165" status="PASS">
          <reporter-output>
          </reporter-output>
        </test-method> <!-- setUp -->
        <test-method signature="testRegisteringUserDetails(java.lang.String,java.lang.String,java.lang.String,java.lang.String,java.lang.String,java.lang.String)[pri:0, instance:com.data.driven.tests.RegisterTest@4550bb58]" started-at="2025-09-25T17:45:25 IST" name="testRegisteringUserDetails" data-provider="getRegisterData" finished-at="2025-09-25T17:45:29 IST" duration-ms="4166" status="PASS">
          <params>
            <param index="0">
              <value>
                <![CDATA[Rohan]]>
              </value>
            </param>
            <param index="1">
              <value>
                <![CDATA[Verma]]>
              </value>
            </param>
            <param index="2">
              <value>
                <![CDATA[rohan.v89@outlook.com]]>
              </value>
            </param>
            <param index="3">
              <value>
                <![CDATA[2147483647]]>
              </value>
            </param>
            <param index="4">
              <value>
                <![CDATA[Rohan@987]]>
              </value>
            </param>
            <param index="5">
              <value>
                <![CDATA[Rohan@987]]>
              </value>
            </param>
          </params>
          <reporter-output>
          </reporter-output>
        </test-method> <!-- testRegisteringUserDetails -->
        <test-method is-config="true" signature="tearDown()[pri:0, instance:com.data.driven.tests.RegisterTest@4550bb58]" started-at="2025-09-25T17:45:29 IST" name="tearDown" finished-at="2025-09-25T17:45:30 IST" duration-ms="754" status="PASS">
          <reporter-output>
          </reporter-output>
        </test-method> <!-- tearDown -->
        <test-method is-config="true" signature="setUp()[pri:0, instance:com.data.driven.tests.RegisterTest@4550bb58]" started-at="2025-09-25T17:45:30 IST" name="setUp" finished-at="2025-09-25T17:45:36 IST" duration-ms="5962" status="PASS">
          <reporter-output>
          </reporter-output>
        </test-method> <!-- setUp -->
        <test-method signature="testRegisteringUserDetails(java.lang.String,java.lang.String,java.lang.String,java.lang.String,java.lang.String,java.lang.String)[pri:0, instance:com.data.driven.tests.RegisterTest@4550bb58]" started-at="2025-09-25T17:45:36 IST" name="testRegisteringUserDetails" data-provider="getRegisterData" finished-at="2025-09-25T17:45:39 IST" duration-ms="3706" status="PASS">
          <params>
            <param index="0">
              <value>
                <![CDATA[Kavya]]>
              </value>
            </param>
            <param index="1">
              <value>
                <![CDATA[Iyer]]>
              </value>
            </param>
            <param index="2">
              <value>
                <![CDATA[kavya.iyer76@gmail.com]]>
              </value>
            </param>
            <param index="3">
              <value>
                <![CDATA[2147483647]]>
              </value>
            </param>
            <param index="4">
              <value>
                <![CDATA[Kavya$321]]>
              </value>
            </param>
            <param index="5">
              <value>
                <![CDATA[Kavya$321]]>
              </value>
            </param>
          </params>
          <reporter-output>
          </reporter-output>
        </test-method> <!-- testRegisteringUserDetails -->
        <test-method is-config="true" signature="tearDown()[pri:0, instance:com.data.driven.tests.RegisterTest@4550bb58]" started-at="2025-09-25T17:45:39 IST" name="tearDown" finished-at="2025-09-25T17:45:40 IST" duration-ms="959" status="PASS">
          <reporter-output>
          </reporter-output>
        </test-method> <!-- tearDown -->
        <test-method is-config="true" signature="setUp()[pri:0, instance:com.data.driven.tests.RegisterTest@4550bb58]" started-at="2025-09-25T17:45:40 IST" name="setUp" finished-at="2025-09-25T17:45:48 IST" duration-ms="7346" status="PASS">
          <reporter-output>
          </reporter-output>
        </test-method> <!-- setUp -->
        <test-method signature="testRegisteringUserDetails(java.lang.String,java.lang.String,java.lang.String,java.lang.String,java.lang.String,java.lang.String)[pri:0, instance:com.data.driven.tests.RegisterTest@4550bb58]" started-at="2025-09-25T17:45:48 IST" name="testRegisteringUserDetails" data-provider="getRegisterData" finished-at="2025-09-25T17:45:50 IST" duration-ms="2860" status="PASS">
          <params>
            <param index="0">
              <value>
                <![CDATA[Arjun]]>
              </value>
            </param>
            <param index="1">
              <value>
                <![CDATA[Nair]]>
              </value>
            </param>
            <param index="2">
              <value>
                <![CDATA[arjun.nair05@gmail.com]]>
              </value>
            </param>
            <param index="3">
              <value>
                <![CDATA[2147483647]]>
              </value>
            </param>
            <param index="4">
              <value>
                <![CDATA[Arjun@Pass1]]>
              </value>
            </param>
            <param index="5">
              <value>
                <![CDATA[Arjun@Pass1]]>
              </value>
            </param>
          </params>
          <reporter-output>
          </reporter-output>
        </test-method> <!-- testRegisteringUserDetails -->
        <test-method is-config="true" signature="tearDown()[pri:0, instance:com.data.driven.tests.RegisterTest@4550bb58]" started-at="2025-09-25T17:45:50 IST" name="tearDown" finished-at="2025-09-25T17:45:52 IST" duration-ms="1392" status="PASS">
          <reporter-output>
          </reporter-output>
        </test-method> <!-- tearDown -->
        <test-method is-config="true" signature="setUp()[pri:0, instance:com.data.driven.tests.RegisterTest@4550bb58]" started-at="2025-09-25T17:45:52 IST" name="setUp" finished-at="2025-09-25T17:45:58 IST" duration-ms="5905" status="PASS">
          <reporter-output>
          </reporter-output>
        </test-method> <!-- setUp -->
        <test-method signature="testRegisteringUserDetails(java.lang.String,java.lang.String,java.lang.String,java.lang.String,java.lang.String,java.lang.String)[pri:0, instance:com.data.driven.tests.RegisterTest@4550bb58]" started-at="2025-09-25T17:45:58 IST" name="testRegisteringUserDetails" data-provider="getRegisterData" finished-at="2025-09-25T17:46:00 IST" duration-ms="2036" status="PASS">
          <params>
            <param index="0">
              <value>
                <![CDATA[Sneha]]>
              </value>
            </param>
            <param index="1">
              <value>
                <![CDATA[Patel]]>
              </value>
            </param>
            <param index="2">
              <value>
                <![CDATA[sneha.patel33@rediffmail.com]]>
              </value>
            </param>
            <param index="3">
              <value>
                <![CDATA[2147483647]]>
              </value>
            </param>
            <param index="4">
              <value>
                <![CDATA[Sneha#7890]]>
              </value>
            </param>
            <param index="5">
              <value>
                <![CDATA[Sneha#7890]]>
              </value>
            </param>
          </params>
          <reporter-output>
          </reporter-output>
        </test-method> <!-- testRegisteringUserDetails -->
        <test-method is-config="true" signature="tearDown()[pri:0, instance:com.data.driven.tests.RegisterTest@4550bb58]" started-at="2025-09-25T17:46:00 IST" name="tearDown" finished-at="2025-09-25T17:46:01 IST" duration-ms="742" status="PASS">
          <reporter-output>
          </reporter-output>
        </test-method> <!-- tearDown -->
        <test-method is-config="true" signature="setUp()[pri:0, instance:com.data.driven.tests.RegisterTest@4550bb58]" started-at="2025-09-25T17:46:01 IST" name="setUp" finished-at="2025-09-25T17:46:07 IST" duration-ms="6714" status="PASS">
          <reporter-output>
          </reporter-output>
        </test-method> <!-- setUp -->
        <test-method signature="testRegisteringUserDetails(java.lang.String,java.lang.String,java.lang.String,java.lang.String,java.lang.String,java.lang.String)[pri:0, instance:com.data.driven.tests.RegisterTest@4550bb58]" started-at="2025-09-25T17:46:07 IST" name="testRegisteringUserDetails" data-provider="getRegisterData" finished-at="2025-09-25T17:46:11 IST" duration-ms="3719" status="PASS">
          <params>
            <param index="0">
              <value>
                <![CDATA[Mohit]]>
              </value>
            </param>
            <param index="1">
              <value>
                <![CDATA[Singh]]>
              </value>
            </param>
            <param index="2">
              <value>
                <![CDATA[mohit.singh17@gmail.com]]>
              </value>
            </param>
            <param index="3">
              <value>
                <![CDATA[2147483647]]>
              </value>
            </param>
            <param index="4">
              <value>
                <![CDATA[Mohit@2024]]>
              </value>
            </param>
            <param index="5">
              <value>
                <![CDATA[Mohit@2024]]>
              </value>
            </param>
          </params>
          <reporter-output>
          </reporter-output>
        </test-method> <!-- testRegisteringUserDetails -->
        <test-method is-config="true" signature="tearDown()[pri:0, instance:com.data.driven.tests.RegisterTest@4550bb58]" started-at="2025-09-25T17:46:11 IST" name="tearDown" finished-at="2025-09-25T17:46:13 IST" duration-ms="1548" status="PASS">
          <reporter-output>
          </reporter-output>
        </test-method> <!-- tearDown -->
        <test-method is-config="true" signature="setUp()[pri:0, instance:com.data.driven.tests.RegisterTest@4550bb58]" started-at="2025-09-25T17:46:13 IST" name="setUp" finished-at="2025-09-25T17:46:20 IST" duration-ms="7031" status="PASS">
          <reporter-output>
          </reporter-output>
        </test-method> <!-- setUp -->
        <test-method signature="testRegisteringUserDetails(java.lang.String,java.lang.String,java.lang.String,java.lang.String,java.lang.String,java.lang.String)[pri:0, instance:com.data.driven.tests.RegisterTest@4550bb58]" started-at="2025-09-25T17:46:20 IST" name="testRegisteringUserDetails" data-provider="getRegisterData" finished-at="2025-09-25T17:46:23 IST" duration-ms="2965" status="PASS">
          <params>
            <param index="0">
              <value>
                <![CDATA[Ananya]]>
              </value>
            </param>
            <param index="1">
              <value>
                <![CDATA[Reddy]]>
              </value>
            </param>
            <param index="2">
              <value>
                <![CDATA[ananya.r@protonmail.com]]>
              </value>
            </param>
            <param index="3">
              <value>
                <![CDATA[2147483647]]>
              </value>
            </param>
            <param index="4">
              <value>
                <![CDATA[Ananya$007]]>
              </value>
            </param>
            <param index="5">
              <value>
                <![CDATA[Ananya$007]]>
              </value>
            </param>
          </params>
          <reporter-output>
          </reporter-output>
        </test-method> <!-- testRegisteringUserDetails -->
        <test-method is-config="true" signature="tearDown()[pri:0, instance:com.data.driven.tests.RegisterTest@4550bb58]" started-at="2025-09-25T17:46:23 IST" name="tearDown" finished-at="2025-09-25T17:46:24 IST" duration-ms="1557" status="PASS">
          <reporter-output>
          </reporter-output>
        </test-method> <!-- tearDown -->
        <test-method is-config="true" signature="setUp()[pri:0, instance:com.data.driven.tests.RegisterTest@4550bb58]" started-at="2025-09-25T17:46:24 IST" name="setUp" finished-at="2025-09-25T17:46:30 IST" duration-ms="5812" status="PASS">
          <reporter-output>
          </reporter-output>
        </test-method> <!-- setUp -->
        <test-method signature="testRegisteringUserDetails(java.lang.String,java.lang.String,java.lang.String,java.lang.String,java.lang.String,java.lang.String)[pri:0, instance:com.data.driven.tests.RegisterTest@4550bb58]" started-at="2025-09-25T17:46:30 IST" name="testRegisteringUserDetails" data-provider="getRegisterData" finished-at="2025-09-25T17:46:34 IST" duration-ms="3753" status="PASS">
          <params>
            <param index="0">
              <value>
                <![CDATA[Karan]]>
              </value>
            </param>
            <param index="1">
              <value>
                <![CDATA[Das]]>
              </value>
            </param>
            <param index="2">
              <value>
                <![CDATA[karan.das55@gmail.com]]>
              </value>
            </param>
            <param index="3">
              <value>
                <![CDATA[2147483647]]>
              </value>
            </param>
            <param index="4">
              <value>
                <![CDATA[Karan#456]]>
              </value>
            </param>
            <param index="5">
              <value>
                <![CDATA[Karan#456]]>
              </value>
            </param>
          </params>
          <reporter-output>
          </reporter-output>
        </test-method> <!-- testRegisteringUserDetails -->
        <test-method is-config="true" signature="tearDown()[pri:0, instance:com.data.driven.tests.RegisterTest@4550bb58]" started-at="2025-09-25T17:46:34 IST" name="tearDown" finished-at="2025-09-25T17:46:35 IST" duration-ms="1209" status="PASS">
          <reporter-output>
          </reporter-output>
        </test-method> <!-- tearDown -->
        <test-method is-config="true" signature="setUp()[pri:0, instance:com.data.driven.tests.RegisterTest@4550bb58]" started-at="2025-09-25T17:46:35 IST" name="setUp" finished-at="2025-09-25T17:46:41 IST" duration-ms="6138" status="PASS">
          <reporter-output>
          </reporter-output>
        </test-method> <!-- setUp -->
        <test-method signature="testRegisteringUserDetails(java.lang.String,java.lang.String,java.lang.String,java.lang.String,java.lang.String,java.lang.String)[pri:0, instance:com.data.driven.tests.RegisterTest@4550bb58]" started-at="2025-09-25T17:46:41 IST" name="testRegisteringUserDetails" data-provider="getRegisterData" finished-at="2025-09-25T17:46:45 IST" duration-ms="3675" status="PASS">
          <params>
            <param index="0">
              <value>
                <![CDATA[Meera]]>
              </value>
            </param>
            <param index="1">
              <value>
                <![CDATA[Joshi]]>
              </value>
            </param>
            <param index="2">
              <value>
                <![CDATA[meera.joshi12@zoho.com]]>
              </value>
            </param>
            <param index="3">
              <value>
                <![CDATA[2147483647]]>
              </value>
            </param>
            <param index="4">
              <value>
                <![CDATA[Meera@1234]]>
              </value>
            </param>
            <param index="5">
              <value>
                <![CDATA[Meera@1234]]>
              </value>
            </param>
          </params>
          <reporter-output>
          </reporter-output>
        </test-method> <!-- testRegisteringUserDetails -->
        <test-method is-config="true" signature="tearDown()[pri:0, instance:com.data.driven.tests.RegisterTest@4550bb58]" started-at="2025-09-25T17:46:45 IST" name="tearDown" finished-at="2025-09-25T17:46:46 IST" duration-ms="1269" status="PASS">
          <reporter-output>
          </reporter-output>
        </test-method> <!-- tearDown -->
      </class> <!-- com.data.driven.tests.RegisterTest -->
    </test> <!-- UserRegistrationTest -->
  </suite> <!-- DataDrivenTestSuite -->
</testng-results>
