<?xml version="1.0" encoding="UTF-8"?>
<!-- Generated by org.testng.reporters.JUnitXMLReporter -->
<testsuite ignored="0" hostname="Admin" failures="0" tests="10" name="UserRegistrationTest" time="97.822" errors="0" timestamp="2025-09-25T17:32:46 IST">
  <testcase classname="com.data.driven.tests.RegisterTest" name="testRegisteringUserDetails" time="1.767"/>
  <testcase classname="com.data.driven.tests.RegisterTest" name="testRegisteringUserDetails" time="2.034"/>
  <testcase classname="com.data.driven.tests.RegisterTest" name="testRegisteringUserDetails" time="1.742"/>
  <testcase classname="com.data.driven.tests.RegisterTest" name="testRegisteringUserDetails" time="1.672"/>
  <testcase classname="com.data.driven.tests.RegisterTest" name="testRegisteringUserDetails" time="1.612"/>
  <testcase classname="com.data.driven.tests.RegisterTest" name="testRegisteringUserDetails" time="1.671"/>
  <testcase classname="com.data.driven.tests.RegisterTest" name="testRegisteringUserDetails" time="1.601"/>
  <testcase classname="com.data.driven.tests.RegisterTest" name="testRegisteringUserDetails" time="1.659"/>
  <testcase classname="com.data.driven.tests.RegisterTest" name="testRegisteringUserDetails" time="1.585"/>
  <testcase classname="com.data.driven.tests.RegisterTest" name="testRegisteringUserDetails" time="1.609"/>
</testsuite> <!-- UserRegistrationTest -->
