<?xml version="1.0" encoding="UTF-8"?>
<testng-results ignored="0" total="10" passed="10" failed="0" skipped="0">
  <reporter-output>
  </reporter-output>
  <suite started-at="2025-09-25T17:31:08 IST" name="DataDrivenTestSuite" finished-at="2025-09-25T17:32:46 IST" duration-ms="97822">
    <groups>
    </groups>
    <test started-at="2025-09-25T17:31:08 IST" name="UserRegistrationTest" finished-at="2025-09-25T17:32:46 IST" duration-ms="97822">
      <class name="com.data.driven.tests.RegisterTest">
        <test-method is-config="true" signature="setUp()[pri:0, instance:com.data.driven.tests.RegisterTest@510f3d34]" started-at="2025-09-25T17:31:10 IST" name="setUp" finished-at="2025-09-25T17:31:17 IST" duration-ms="6260" status="PASS">
          <reporter-output>
          </reporter-output>
        </test-method> <!-- setUp -->
        <test-method signature="testRegisteringUserDetails(java.lang.String,java.lang.String,java.lang.String,java.lang.String,java.lang.String,java.lang.String)[pri:0, instance:com.data.driven.tests.RegisterTest@510f3d34]" started-at="2025-09-25T17:31:17 IST" name="testRegisteringUserDetails" data-provider="getRegisterData" finished-at="2025-09-25T17:31:18 IST" duration-ms="1767" status="PASS">
          <params>
            <param index="0">
              <value>
                <![CDATA[Aarav]]>
              </value>
            </param>
            <param index="1">
              <value>
                <![CDATA[Mehta]]>
              </value>
            </param>
            <param index="2">
              <value>
                <![CDATA[aarav.mehta91@gmail.com]]>
              </value>
            </param>
            <param index="3">
              <value>
                <![CDATA[2147483647]]>
              </value>
            </param>
            <param index="4">
              <value>
                <![CDATA[Aarav@123]]>
              </value>
            </param>
            <param index="5">
              <value>
                <![CDATA[Aarav@123]]>
              </value>
            </param>
          </params>
          <reporter-output>
          </reporter-output>
        </test-method> <!-- testRegisteringUserDetails -->
        <test-method is-config="true" signature="tearDown()[pri:0, instance:com.data.driven.tests.RegisterTest@510f3d34]" started-at="2025-09-25T17:31:18 IST" name="tearDown" finished-at="2025-09-25T17:31:19 IST" duration-ms="743" status="PASS">
          <reporter-output>
          </reporter-output>
        </test-method> <!-- tearDown -->
        <test-method is-config="true" signature="setUp()[pri:0, instance:com.data.driven.tests.RegisterTest@510f3d34]" started-at="2025-09-25T17:31:19 IST" name="setUp" finished-at="2025-09-25T17:31:23 IST" duration-ms="3468" status="PASS">
          <reporter-output>
          </reporter-output>
        </test-method> <!-- setUp -->
        <test-method signature="testRegisteringUserDetails(java.lang.String,java.lang.String,java.lang.String,java.lang.String,java.lang.String,java.lang.String)[pri:0, instance:com.data.driven.tests.RegisterTest@510f3d34]" started-at="2025-09-25T17:31:23 IST" name="testRegisteringUserDetails" data-provider="getRegisterData" finished-at="2025-09-25T17:31:25 IST" duration-ms="2034" status="PASS">
          <params>
            <param index="0">
              <value>
                <![CDATA[Priya]]>
              </value>
            </param>
            <param index="1">
              <value>
                <![CDATA[Sharma]]>
              </value>
            </param>
            <param index="2">
              <value>
                <![CDATA[priya.sharma22@yahoo.com]]>
              </value>
            </param>
            <param index="3">
              <value>
                <![CDATA[2147483647]]>
              </value>
            </param>
            <param index="4">
              <value>
                <![CDATA[Priya#2023]]>
              </value>
            </param>
            <param index="5">
              <value>
                <![CDATA[Priya#2023]]>
              </value>
            </param>
          </params>
          <reporter-output>
          </reporter-output>
        </test-method> <!-- testRegisteringUserDetails -->
        <test-method is-config="true" signature="tearDown()[pri:0, instance:com.data.driven.tests.RegisterTest@510f3d34]" started-at="2025-09-25T17:31:25 IST" name="tearDown" finished-at="2025-09-25T17:31:25 IST" duration-ms="816" status="PASS">
          <reporter-output>
          </reporter-output>
        </test-method> <!-- tearDown -->
        <test-method is-config="true" signature="setUp()[pri:0, instance:com.data.driven.tests.RegisterTest@510f3d34]" started-at="2025-09-25T17:31:25 IST" name="setUp" finished-at="2025-09-25T17:31:54 IST" duration-ms="28089" status="PASS">
          <reporter-output>
          </reporter-output>
        </test-method> <!-- setUp -->
        <test-method signature="testRegisteringUserDetails(java.lang.String,java.lang.String,java.lang.String,java.lang.String,java.lang.String,java.lang.String)[pri:0, instance:com.data.driven.tests.RegisterTest@510f3d34]" started-at="2025-09-25T17:31:54 IST" name="testRegisteringUserDetails" data-provider="getRegisterData" finished-at="2025-09-25T17:31:55 IST" duration-ms="1742" status="PASS">
          <params>
            <param index="0">
              <value>
                <![CDATA[Rohan]]>
              </value>
            </param>
            <param index="1">
              <value>
                <![CDATA[Verma]]>
              </value>
            </param>
            <param index="2">
              <value>
                <![CDATA[rohan.v89@outlook.com]]>
              </value>
            </param>
            <param index="3">
              <value>
                <![CDATA[2147483647]]>
              </value>
            </param>
            <param index="4">
              <value>
                <![CDATA[Rohan@987]]>
              </value>
            </param>
            <param index="5">
              <value>
                <![CDATA[Rohan@987]]>
              </value>
            </param>
          </params>
          <reporter-output>
          </reporter-output>
        </test-method> <!-- testRegisteringUserDetails -->
        <test-method is-config="true" signature="tearDown()[pri:0, instance:com.data.driven.tests.RegisterTest@510f3d34]" started-at="2025-09-25T17:31:55 IST" name="tearDown" finished-at="2025-09-25T17:31:58 IST" duration-ms="2944" status="PASS">
          <reporter-output>
          </reporter-output>
        </test-method> <!-- tearDown -->
        <test-method is-config="true" signature="setUp()[pri:0, instance:com.data.driven.tests.RegisterTest@510f3d34]" started-at="2025-09-25T17:31:58 IST" name="setUp" finished-at="2025-09-25T17:32:08 IST" duration-ms="10062" status="PASS">
          <reporter-output>
          </reporter-output>
        </test-method> <!-- setUp -->
        <test-method signature="testRegisteringUserDetails(java.lang.String,java.lang.String,java.lang.String,java.lang.String,java.lang.String,java.lang.String)[pri:0, instance:com.data.driven.tests.RegisterTest@510f3d34]" started-at="2025-09-25T17:32:08 IST" name="testRegisteringUserDetails" data-provider="getRegisterData" finished-at="2025-09-25T17:32:10 IST" duration-ms="1672" status="PASS">
          <params>
            <param index="0">
              <value>
                <![CDATA[Kavya]]>
              </value>
            </param>
            <param index="1">
              <value>
                <![CDATA[Iyer]]>
              </value>
            </param>
            <param index="2">
              <value>
                <![CDATA[kavya.iyer76@gmail.com]]>
              </value>
            </param>
            <param index="3">
              <value>
                <![CDATA[2147483647]]>
              </value>
            </param>
            <param index="4">
              <value>
                <![CDATA[Kavya$321]]>
              </value>
            </param>
            <param index="5">
              <value>
                <![CDATA[Kavya$321]]>
              </value>
            </param>
          </params>
          <reporter-output>
          </reporter-output>
        </test-method> <!-- testRegisteringUserDetails -->
        <test-method is-config="true" signature="tearDown()[pri:0, instance:com.data.driven.tests.RegisterTest@510f3d34]" started-at="2025-09-25T17:32:10 IST" name="tearDown" finished-at="2025-09-25T17:32:11 IST" duration-ms="709" status="PASS">
          <reporter-output>
          </reporter-output>
        </test-method> <!-- tearDown -->
        <test-method is-config="true" signature="setUp()[pri:0, instance:com.data.driven.tests.RegisterTest@510f3d34]" started-at="2025-09-25T17:32:11 IST" name="setUp" finished-at="2025-09-25T17:32:14 IST" duration-ms="3482" status="PASS">
          <reporter-output>
          </reporter-output>
        </test-method> <!-- setUp -->
        <test-method signature="testRegisteringUserDetails(java.lang.String,java.lang.String,java.lang.String,java.lang.String,java.lang.String,java.lang.String)[pri:0, instance:com.data.driven.tests.RegisterTest@510f3d34]" started-at="2025-09-25T17:32:14 IST" name="testRegisteringUserDetails" data-provider="getRegisterData" finished-at="2025-09-25T17:32:16 IST" duration-ms="1612" status="PASS">
          <params>
            <param index="0">
              <value>
                <![CDATA[Arjun]]>
              </value>
            </param>
            <param index="1">
              <value>
                <![CDATA[Nair]]>
              </value>
            </param>
            <param index="2">
              <value>
                <![CDATA[arjun.nair05@gmail.com]]>
              </value>
            </param>
            <param index="3">
              <value>
                <![CDATA[2147483647]]>
              </value>
            </param>
            <param index="4">
              <value>
                <![CDATA[Arjun@Pass1]]>
              </value>
            </param>
            <param index="5">
              <value>
                <![CDATA[Arjun@Pass1]]>
              </value>
            </param>
          </params>
          <reporter-output>
          </reporter-output>
        </test-method> <!-- testRegisteringUserDetails -->
        <test-method is-config="true" signature="tearDown()[pri:0, instance:com.data.driven.tests.RegisterTest@510f3d34]" started-at="2025-09-25T17:32:16 IST" name="tearDown" finished-at="2025-09-25T17:32:17 IST" duration-ms="719" status="PASS">
          <reporter-output>
          </reporter-output>
        </test-method> <!-- tearDown -->
        <test-method is-config="true" signature="setUp()[pri:0, instance:com.data.driven.tests.RegisterTest@510f3d34]" started-at="2025-09-25T17:32:17 IST" name="setUp" finished-at="2025-09-25T17:32:20 IST" duration-ms="3548" status="PASS">
          <reporter-output>
          </reporter-output>
        </test-method> <!-- setUp -->
        <test-method signature="testRegisteringUserDetails(java.lang.String,java.lang.String,java.lang.String,java.lang.String,java.lang.String,java.lang.String)[pri:0, instance:com.data.driven.tests.RegisterTest@510f3d34]" started-at="2025-09-25T17:32:20 IST" name="testRegisteringUserDetails" data-provider="getRegisterData" finished-at="2025-09-25T17:32:22 IST" duration-ms="1671" status="PASS">
          <params>
            <param index="0">
              <value>
                <![CDATA[Sneha]]>
              </value>
            </param>
            <param index="1">
              <value>
                <![CDATA[Patel]]>
              </value>
            </param>
            <param index="2">
              <value>
                <![CDATA[sneha.patel33@rediffmail.com]]>
              </value>
            </param>
            <param index="3">
              <value>
                <![CDATA[2147483647]]>
              </value>
            </param>
            <param index="4">
              <value>
                <![CDATA[Sneha#7890]]>
              </value>
            </param>
            <param index="5">
              <value>
                <![CDATA[Sneha#7890]]>
              </value>
            </param>
          </params>
          <reporter-output>
          </reporter-output>
        </test-method> <!-- testRegisteringUserDetails -->
        <test-method is-config="true" signature="tearDown()[pri:0, instance:com.data.driven.tests.RegisterTest@510f3d34]" started-at="2025-09-25T17:32:22 IST" name="tearDown" finished-at="2025-09-25T17:32:22 IST" duration-ms="709" status="PASS">
          <reporter-output>
          </reporter-output>
        </test-method> <!-- tearDown -->
        <test-method is-config="true" signature="setUp()[pri:0, instance:com.data.driven.tests.RegisterTest@510f3d34]" started-at="2025-09-25T17:32:22 IST" name="setUp" finished-at="2025-09-25T17:32:26 IST" duration-ms="3469" status="PASS">
          <reporter-output>
          </reporter-output>
        </test-method> <!-- setUp -->
        <test-method signature="testRegisteringUserDetails(java.lang.String,java.lang.String,java.lang.String,java.lang.String,java.lang.String,java.lang.String)[pri:0, instance:com.data.driven.tests.RegisterTest@510f3d34]" started-at="2025-09-25T17:32:26 IST" name="testRegisteringUserDetails" data-provider="getRegisterData" finished-at="2025-09-25T17:32:28 IST" duration-ms="1601" status="PASS">
          <params>
            <param index="0">
              <value>
                <![CDATA[Mohit]]>
              </value>
            </param>
            <param index="1">
              <value>
                <![CDATA[Singh]]>
              </value>
            </param>
            <param index="2">
              <value>
                <![CDATA[mohit.singh17@gmail.com]]>
              </value>
            </param>
            <param index="3">
              <value>
                <![CDATA[2147483647]]>
              </value>
            </param>
            <param index="4">
              <value>
                <![CDATA[Mohit@2024]]>
              </value>
            </param>
            <param index="5">
              <value>
                <![CDATA[Mohit@2024]]>
              </value>
            </param>
          </params>
          <reporter-output>
          </reporter-output>
        </test-method> <!-- testRegisteringUserDetails -->
        <test-method is-config="true" signature="tearDown()[pri:0, instance:com.data.driven.tests.RegisterTest@510f3d34]" started-at="2025-09-25T17:32:28 IST" name="tearDown" finished-at="2025-09-25T17:32:28 IST" duration-ms="725" status="PASS">
          <reporter-output>
          </reporter-output>
        </test-method> <!-- tearDown -->
        <test-method is-config="true" signature="setUp()[pri:0, instance:com.data.driven.tests.RegisterTest@510f3d34]" started-at="2025-09-25T17:32:28 IST" name="setUp" finished-at="2025-09-25T17:32:32 IST" duration-ms="3540" status="PASS">
          <reporter-output>
          </reporter-output>
        </test-method> <!-- setUp -->
        <test-method signature="testRegisteringUserDetails(java.lang.String,java.lang.String,java.lang.String,java.lang.String,java.lang.String,java.lang.String)[pri:0, instance:com.data.driven.tests.RegisterTest@510f3d34]" started-at="2025-09-25T17:32:32 IST" name="testRegisteringUserDetails" data-provider="getRegisterData" finished-at="2025-09-25T17:32:33 IST" duration-ms="1659" status="PASS">
          <params>
            <param index="0">
              <value>
                <![CDATA[Ananya]]>
              </value>
            </param>
            <param index="1">
              <value>
                <![CDATA[Reddy]]>
              </value>
            </param>
            <param index="2">
              <value>
                <![CDATA[ananya.r@protonmail.com]]>
              </value>
            </param>
            <param index="3">
              <value>
                <![CDATA[2147483647]]>
              </value>
            </param>
            <param index="4">
              <value>
                <![CDATA[Ananya$007]]>
              </value>
            </param>
            <param index="5">
              <value>
                <![CDATA[Ananya$007]]>
              </value>
            </param>
          </params>
          <reporter-output>
          </reporter-output>
        </test-method> <!-- testRegisteringUserDetails -->
        <test-method is-config="true" signature="tearDown()[pri:0, instance:com.data.driven.tests.RegisterTest@510f3d34]" started-at="2025-09-25T17:32:33 IST" name="tearDown" finished-at="2025-09-25T17:32:34 IST" duration-ms="711" status="PASS">
          <reporter-output>
          </reporter-output>
        </test-method> <!-- tearDown -->
        <test-method is-config="true" signature="setUp()[pri:0, instance:com.data.driven.tests.RegisterTest@510f3d34]" started-at="2025-09-25T17:32:34 IST" name="setUp" finished-at="2025-09-25T17:32:38 IST" duration-ms="3488" status="PASS">
          <reporter-output>
          </reporter-output>
        </test-method> <!-- setUp -->
        <test-method signature="testRegisteringUserDetails(java.lang.String,java.lang.String,java.lang.String,java.lang.String,java.lang.String,java.lang.String)[pri:0, instance:com.data.driven.tests.RegisterTest@510f3d34]" started-at="2025-09-25T17:32:38 IST" name="testRegisteringUserDetails" data-provider="getRegisterData" finished-at="2025-09-25T17:32:39 IST" duration-ms="1585" status="PASS">
          <params>
            <param index="0">
              <value>
                <![CDATA[Karan]]>
              </value>
            </param>
            <param index="1">
              <value>
                <![CDATA[Das]]>
              </value>
            </param>
            <param index="2">
              <value>
                <![CDATA[karan.das55@gmail.com]]>
              </value>
            </param>
            <param index="3">
              <value>
                <![CDATA[2147483647]]>
              </value>
            </param>
            <param index="4">
              <value>
                <![CDATA[Karan#456]]>
              </value>
            </param>
            <param index="5">
              <value>
                <![CDATA[Karan#456]]>
              </value>
            </param>
          </params>
          <reporter-output>
          </reporter-output>
        </test-method> <!-- testRegisteringUserDetails -->
        <test-method is-config="true" signature="tearDown()[pri:0, instance:com.data.driven.tests.RegisterTest@510f3d34]" started-at="2025-09-25T17:32:39 IST" name="tearDown" finished-at="2025-09-25T17:32:40 IST" duration-ms="710" status="PASS">
          <reporter-output>
          </reporter-output>
        </test-method> <!-- tearDown -->
        <test-method is-config="true" signature="setUp()[pri:0, instance:com.data.driven.tests.RegisterTest@510f3d34]" started-at="2025-09-25T17:32:40 IST" name="setUp" finished-at="2025-09-25T17:32:44 IST" duration-ms="3550" status="PASS">
          <reporter-output>
          </reporter-output>
        </test-method> <!-- setUp -->
        <test-method signature="testRegisteringUserDetails(java.lang.String,java.lang.String,java.lang.String,java.lang.String,java.lang.String,java.lang.String)[pri:0, instance:com.data.driven.tests.RegisterTest@510f3d34]" started-at="2025-09-25T17:32:44 IST" name="testRegisteringUserDetails" data-provider="getRegisterData" finished-at="2025-09-25T17:32:45 IST" duration-ms="1609" status="PASS">
          <params>
            <param index="0">
              <value>
                <![CDATA[Meera]]>
              </value>
            </param>
            <param index="1">
              <value>
                <![CDATA[Joshi]]>
              </value>
            </param>
            <param index="2">
              <value>
                <![CDATA[meera.joshi12@zoho.com]]>
              </value>
            </param>
            <param index="3">
              <value>
                <![CDATA[2147483647]]>
              </value>
            </param>
            <param index="4">
              <value>
                <![CDATA[Meera@1234]]>
              </value>
            </param>
            <param index="5">
              <value>
                <![CDATA[Meera@1234]]>
              </value>
            </param>
          </params>
          <reporter-output>
          </reporter-output>
        </test-method> <!-- testRegisteringUserDetails -->
        <test-method is-config="true" signature="tearDown()[pri:0, instance:com.data.driven.tests.RegisterTest@510f3d34]" started-at="2025-09-25T17:32:45 IST" name="tearDown" finished-at="2025-09-25T17:32:46 IST" duration-ms="694" status="PASS">
          <reporter-output>
          </reporter-output>
        </test-method> <!-- tearDown -->
      </class> <!-- com.data.driven.tests.RegisterTest -->
    </test> <!-- UserRegistrationTest -->
  </suite> <!-- DataDrivenTestSuite -->
</testng-results>
