<?xml version="1.0" encoding="UTF-8"?>
<!-- Generated by org.testng.reporters.JUnitXMLReporter -->
<testsuite ignored="0" hostname="Admin" failures="0" tests="10" name="UserRegistrationTest" time="116.028" errors="0" timestamp="2025-09-25T17:46:46 IST">
  <testcase classname="com.data.driven.tests.RegisterTest" name="testRegisteringUserDetails" time="3.352"/>
  <testcase classname="com.data.driven.tests.RegisterTest" name="testRegisteringUserDetails" time="2.439"/>
  <testcase classname="com.data.driven.tests.RegisterTest" name="testRegisteringUserDetails" time="4.166"/>
  <testcase classname="com.data.driven.tests.RegisterTest" name="testRegisteringUserDetails" time="3.706"/>
  <testcase classname="com.data.driven.tests.RegisterTest" name="testRegisteringUserDetails" time="2.86"/>
  <testcase classname="com.data.driven.tests.RegisterTest" name="testRegisteringUserDetails" time="2.036"/>
  <testcase classname="com.data.driven.tests.RegisterTest" name="testRegisteringUserDetails" time="3.719"/>
  <testcase classname="com.data.driven.tests.RegisterTest" name="testRegisteringUserDetails" time="2.965"/>
  <testcase classname="com.data.driven.tests.RegisterTest" name="testRegisteringUserDetails" time="3.753"/>
  <testcase classname="com.data.driven.tests.RegisterTest" name="testRegisteringUserDetails" time="3.675"/>
</testsuite> <!-- UserRegistrationTest -->
